INFO - 2023-06-29 00:02:40 --> Session: Class initialized using 'CodeIgniter\Session\Handlers\FileHandler' driver.
INFO - 2023-06-29 00:02:40 --> Cart Class Initialized
INFO - 2023-06-29 00:02:46 --> Session: Class initialized using 'CodeIgniter\Session\Handlers\FileHandler' driver.
INFO - 2023-06-29 00:02:46 --> Cart Class Initialized
INFO - 2023-06-29 00:03:13 --> Session: Class initialized using 'CodeIgniter\Session\Handlers\FileHandler' driver.
INFO - 2023-06-29 00:03:13 --> Cart Class Initialized
INFO - 2023-06-29 00:03:33 --> Session: Class initialized using 'CodeIgniter\Session\Handlers\FileHandler' driver.
INFO - 2023-06-29 00:03:33 --> Cart Class Initialized
INFO - 2023-06-29 00:03:42 --> Session: Class initialized using 'CodeIgniter\Session\Handlers\FileHandler' driver.
INFO - 2023-06-29 00:03:42 --> Cart Class Initialized
INFO - 2023-06-29 00:03:48 --> Session: Class initialized using 'CodeIgniter\Session\Handlers\FileHandler' driver.
INFO - 2023-06-29 00:03:48 --> Cart Class Initialized
INFO - 2023-06-29 00:03:58 --> Session: Class initialized using 'CodeIgniter\Session\Handlers\FileHandler' driver.
INFO - 2023-06-29 00:03:58 --> Cart Class Initialized
INFO - 2023-06-29 00:04:00 --> Session: Class initialized using 'CodeIgniter\Session\Handlers\FileHandler' driver.
INFO - 2023-06-29 00:04:00 --> Cart Class Initialized
INFO - 2023-06-29 00:04:02 --> Session: Class initialized using 'CodeIgniter\Session\Handlers\FileHandler' driver.
INFO - 2023-06-29 00:04:02 --> Cart Class Initialized
INFO - 2023-06-29 00:04:03 --> Session: Class initialized using 'CodeIgniter\Session\Handlers\FileHandler' driver.
INFO - 2023-06-29 00:04:03 --> Cart Class Initialized
INFO - 2023-06-29 00:04:06 --> Session: Class initialized using 'CodeIgniter\Session\Handlers\FileHandler' driver.
INFO - 2023-06-29 00:04:06 --> Cart Class Initialized
INFO - 2023-06-29 00:04:47 --> Session: Class initialized using 'CodeIgniter\Session\Handlers\FileHandler' driver.
INFO - 2023-06-29 00:04:47 --> Cart Class Initialized
INFO - 2023-06-29 00:04:49 --> Session: Class initialized using 'CodeIgniter\Session\Handlers\FileHandler' driver.
INFO - 2023-06-29 00:04:49 --> Cart Class Initialized
INFO - 2023-06-29 00:04:53 --> Session: Class initialized using 'CodeIgniter\Session\Handlers\FileHandler' driver.
INFO - 2023-06-29 00:04:53 --> Cart Class Initialized
INFO - 2023-06-29 00:05:01 --> Session: Class initialized using 'CodeIgniter\Session\Handlers\FileHandler' driver.
INFO - 2023-06-29 00:05:01 --> Cart Class Initialized
INFO - 2023-06-29 00:06:24 --> Session: Class initialized using 'CodeIgniter\Session\Handlers\FileHandler' driver.
INFO - 2023-06-29 00:06:24 --> Cart Class Initialized
INFO - 2023-06-29 00:07:57 --> Session: Class initialized using 'CodeIgniter\Session\Handlers\FileHandler' driver.
INFO - 2023-06-29 00:07:57 --> Cart Class Initialized
INFO - 2023-06-29 00:07:58 --> Session: Class initialized using 'CodeIgniter\Session\Handlers\FileHandler' driver.
INFO - 2023-06-29 00:07:58 --> Cart Class Initialized
INFO - 2023-06-29 00:08:00 --> Session: Class initialized using 'CodeIgniter\Session\Handlers\FileHandler' driver.
INFO - 2023-06-29 00:08:00 --> Cart Class Initialized
INFO - 2023-06-29 00:08:01 --> Session: Class initialized using 'CodeIgniter\Session\Handlers\FileHandler' driver.
INFO - 2023-06-29 00:08:01 --> Cart Class Initialized
INFO - 2023-06-29 00:08:03 --> Session: Class initialized using 'CodeIgniter\Session\Handlers\FileHandler' driver.
INFO - 2023-06-29 00:08:03 --> Cart Class Initialized
INFO - 2023-06-29 00:08:08 --> Session: Class initialized using 'CodeIgniter\Session\Handlers\FileHandler' driver.
INFO - 2023-06-29 00:08:08 --> Cart Class Initialized
INFO - 2023-06-29 00:08:10 --> Session: Class initialized using 'CodeIgniter\Session\Handlers\FileHandler' driver.
INFO - 2023-06-29 00:08:10 --> Cart Class Initialized
INFO - 2023-06-29 00:08:11 --> Session: Class initialized using 'CodeIgniter\Session\Handlers\FileHandler' driver.
INFO - 2023-06-29 00:08:11 --> Cart Class Initialized
INFO - 2023-06-29 00:08:13 --> Session: Class initialized using 'CodeIgniter\Session\Handlers\FileHandler' driver.
INFO - 2023-06-29 00:08:13 --> Cart Class Initialized
INFO - 2023-06-29 00:08:15 --> Session: Class initialized using 'CodeIgniter\Session\Handlers\FileHandler' driver.
INFO - 2023-06-29 00:08:15 --> Cart Class Initialized
INFO - 2023-06-29 00:09:48 --> Session: Class initialized using 'CodeIgniter\Session\Handlers\FileHandler' driver.
INFO - 2023-06-29 00:09:48 --> Cart Class Initialized
INFO - 2023-06-29 00:10:54 --> Session: Class initialized using 'CodeIgniter\Session\Handlers\FileHandler' driver.
INFO - 2023-06-29 00:10:54 --> Cart Class Initialized
INFO - 2023-06-29 00:12:21 --> Session: Class initialized using 'CodeIgniter\Session\Handlers\FileHandler' driver.
INFO - 2023-06-29 00:12:21 --> Cart Class Initialized
INFO - 2023-06-29 00:12:22 --> Session: Class initialized using 'CodeIgniter\Session\Handlers\FileHandler' driver.
INFO - 2023-06-29 00:12:22 --> Cart Class Initialized
INFO - 2023-06-29 00:12:33 --> Session: Class initialized using 'CodeIgniter\Session\Handlers\FileHandler' driver.
INFO - 2023-06-29 00:12:33 --> Cart Class Initialized
INFO - 2023-06-29 00:14:15 --> Session: Class initialized using 'CodeIgniter\Session\Handlers\FileHandler' driver.
INFO - 2023-06-29 00:14:15 --> Cart Class Initialized
CRITICAL - 2023-06-29 00:14:15 --> syntax error, unexpected token "/"
in APPPATH\Views\Back\Ventas\venta-detalles.php on line 10.
 1 SYSTEMPATH\View\View.php(216): CodeIgniter\View\View->CodeIgniter\View\{closure}()
 2 SYSTEMPATH\Common.php(1184): CodeIgniter\View\View->render('back/ventas/venta-detalles', [], true)
 3 APPPATH\Controllers\Ventas_controller.php(28): view('back/ventas/venta-detalles', [...])
 4 SYSTEMPATH\CodeIgniter.php(934): App\Controllers\Ventas_Controller->factura('11')
 5 SYSTEMPATH\CodeIgniter.php(499): CodeIgniter\CodeIgniter->runController(Object(App\Controllers\Ventas_Controller))
 6 SYSTEMPATH\CodeIgniter.php(368): CodeIgniter\CodeIgniter->handleRequest(null, Object(Config\Cache), false)
 7 FCPATH\index.php(67): CodeIgniter\CodeIgniter->run()
INFO - 2023-06-29 00:14:35 --> Session: Class initialized using 'CodeIgniter\Session\Handlers\FileHandler' driver.
INFO - 2023-06-29 00:14:35 --> Cart Class Initialized
CRITICAL - 2023-06-29 00:14:35 --> syntax error, unexpected token "/"
in APPPATH\Views\Back\Ventas\venta-detalles.php on line 10.
 1 SYSTEMPATH\View\View.php(216): CodeIgniter\View\View->CodeIgniter\View\{closure}()
 2 SYSTEMPATH\Common.php(1184): CodeIgniter\View\View->render('back/ventas/venta-detalles', [], true)
 3 APPPATH\Controllers\Ventas_controller.php(28): view('back/ventas/venta-detalles', [...])
 4 SYSTEMPATH\CodeIgniter.php(934): App\Controllers\Ventas_Controller->factura('11')
 5 SYSTEMPATH\CodeIgniter.php(499): CodeIgniter\CodeIgniter->runController(Object(App\Controllers\Ventas_Controller))
 6 SYSTEMPATH\CodeIgniter.php(368): CodeIgniter\CodeIgniter->handleRequest(null, Object(Config\Cache), false)
 7 FCPATH\index.php(67): CodeIgniter\CodeIgniter->run()
INFO - 2023-06-29 00:15:02 --> Session: Class initialized using 'CodeIgniter\Session\Handlers\FileHandler' driver.
INFO - 2023-06-29 00:15:02 --> Cart Class Initialized
CRITICAL - 2023-06-29 00:15:03 --> Undefined array key "venta_id"
in APPPATH\Views\Back\Ventas\venta-detalles.php on line 10.
 1 APPPATH\Views\Back\Ventas\venta-detalles.php(10): CodeIgniter\Debug\Exceptions->errorHandler(2, 'Undefined array key "venta_id"', 'C:\\xampp\\htdocs\\proyecto_GonzalezPasi\\app\\Views\\Back\\Ventas\\venta-detalles.php', 10)
 2 SYSTEMPATH\View\View.php(213): include('C:\\xampp\\htdocs\\proyecto_GonzalezPasi\\app\\Views\\Back\\Ventas\\venta-detalles.php')
 3 SYSTEMPATH\View\View.php(216): CodeIgniter\View\View->CodeIgniter\View\{closure}()
 4 SYSTEMPATH\Common.php(1184): CodeIgniter\View\View->render('back/ventas/venta-detalles', [], true)
 5 APPPATH\Controllers\Ventas_controller.php(28): view('back/ventas/venta-detalles', [...])
 6 SYSTEMPATH\CodeIgniter.php(934): App\Controllers\Ventas_Controller->factura('11')
 7 SYSTEMPATH\CodeIgniter.php(499): CodeIgniter\CodeIgniter->runController(Object(App\Controllers\Ventas_Controller))
 8 SYSTEMPATH\CodeIgniter.php(368): CodeIgniter\CodeIgniter->handleRequest(null, Object(Config\Cache), false)
 9 FCPATH\index.php(67): CodeIgniter\CodeIgniter->run()
INFO - 2023-06-29 00:15:10 --> Session: Class initialized using 'CodeIgniter\Session\Handlers\FileHandler' driver.
INFO - 2023-06-29 00:15:10 --> Cart Class Initialized
CRITICAL - 2023-06-29 00:15:11 --> Undefined array key "id"
in APPPATH\Views\Back\Ventas\venta-detalles.php on line 10.
 1 APPPATH\Views\Back\Ventas\venta-detalles.php(10): CodeIgniter\Debug\Exceptions->errorHandler(2, 'Undefined array key "id"', 'C:\\xampp\\htdocs\\proyecto_GonzalezPasi\\app\\Views\\Back\\Ventas\\venta-detalles.php', 10)
 2 SYSTEMPATH\View\View.php(213): include('C:\\xampp\\htdocs\\proyecto_GonzalezPasi\\app\\Views\\Back\\Ventas\\venta-detalles.php')
 3 SYSTEMPATH\View\View.php(216): CodeIgniter\View\View->CodeIgniter\View\{closure}()
 4 SYSTEMPATH\Common.php(1184): CodeIgniter\View\View->render('back/ventas/venta-detalles', [], true)
 5 APPPATH\Controllers\Ventas_controller.php(28): view('back/ventas/venta-detalles', [...])
 6 SYSTEMPATH\CodeIgniter.php(934): App\Controllers\Ventas_Controller->factura('11')
 7 SYSTEMPATH\CodeIgniter.php(499): CodeIgniter\CodeIgniter->runController(Object(App\Controllers\Ventas_Controller))
 8 SYSTEMPATH\CodeIgniter.php(368): CodeIgniter\CodeIgniter->handleRequest(null, Object(Config\Cache), false)
 9 FCPATH\index.php(67): CodeIgniter\CodeIgniter->run()
INFO - 2023-06-29 00:16:10 --> Session: Class initialized using 'CodeIgniter\Session\Handlers\FileHandler' driver.
INFO - 2023-06-29 00:16:10 --> Cart Class Initialized
INFO - 2023-06-29 00:17:34 --> Session: Class initialized using 'CodeIgniter\Session\Handlers\FileHandler' driver.
INFO - 2023-06-29 00:17:34 --> Cart Class Initialized
INFO - 2023-06-29 00:18:25 --> Session: Class initialized using 'CodeIgniter\Session\Handlers\FileHandler' driver.
INFO - 2023-06-29 00:18:25 --> Cart Class Initialized
INFO - 2023-06-29 00:18:28 --> Session: Class initialized using 'CodeIgniter\Session\Handlers\FileHandler' driver.
INFO - 2023-06-29 00:18:28 --> Cart Class Initialized
CRITICAL - 2023-06-29 00:18:28 --> Undefined variable $usuarios
in APPPATH\Views\Back\Ventas\venta-detalles.php on line 29.
 1 APPPATH\Views\Back\Ventas\venta-detalles.php(29): CodeIgniter\Debug\Exceptions->errorHandler(2, 'Undefined variable $usuarios', 'C:\\xampp\\htdocs\\proyecto_GonzalezPasi\\app\\Views\\Back\\Ventas\\venta-detalles.php', 29)
 2 SYSTEMPATH\View\View.php(213): include('C:\\xampp\\htdocs\\proyecto_GonzalezPasi\\app\\Views\\Back\\Ventas\\venta-detalles.php')
 3 SYSTEMPATH\View\View.php(216): CodeIgniter\View\View->CodeIgniter\View\{closure}()
 4 SYSTEMPATH\Common.php(1184): CodeIgniter\View\View->render('back/ventas/venta-detalles', [], true)
 5 APPPATH\Controllers\Ventas_controller.php(28): view('back/ventas/venta-detalles', [...])
 6 SYSTEMPATH\CodeIgniter.php(934): App\Controllers\Ventas_Controller->factura('9')
 7 SYSTEMPATH\CodeIgniter.php(499): CodeIgniter\CodeIgniter->runController(Object(App\Controllers\Ventas_Controller))
 8 SYSTEMPATH\CodeIgniter.php(368): CodeIgniter\CodeIgniter->handleRequest(null, Object(Config\Cache), false)
 9 FCPATH\index.php(67): CodeIgniter\CodeIgniter->run()
INFO - 2023-06-29 00:19:14 --> Session: Class initialized using 'CodeIgniter\Session\Handlers\FileHandler' driver.
INFO - 2023-06-29 00:19:14 --> Cart Class Initialized
INFO - 2023-06-29 00:19:50 --> Session: Class initialized using 'CodeIgniter\Session\Handlers\FileHandler' driver.
INFO - 2023-06-29 00:19:53 --> Session: Class initialized using 'CodeIgniter\Session\Handlers\FileHandler' driver.
INFO - 2023-06-29 00:19:53 --> Cart Class Initialized
INFO - 2023-06-29 00:19:55 --> Session: Class initialized using 'CodeIgniter\Session\Handlers\FileHandler' driver.
INFO - 2023-06-29 00:19:55 --> Cart Class Initialized
INFO - 2023-06-29 00:20:56 --> Session: Class initialized using 'CodeIgniter\Session\Handlers\FileHandler' driver.
INFO - 2023-06-29 00:20:56 --> Cart Class Initialized
INFO - 2023-06-29 00:25:24 --> Session: Class initialized using 'CodeIgniter\Session\Handlers\FileHandler' driver.
INFO - 2023-06-29 00:25:24 --> Cart Class Initialized
INFO - 2023-06-29 00:25:28 --> Session: Class initialized using 'CodeIgniter\Session\Handlers\FileHandler' driver.
INFO - 2023-06-29 00:25:28 --> Cart Class Initialized
INFO - 2023-06-29 00:26:01 --> Session: Class initialized using 'CodeIgniter\Session\Handlers\FileHandler' driver.
INFO - 2023-06-29 00:26:01 --> Cart Class Initialized
CRITICAL - 2023-06-29 00:26:01 --> Undefined array key "id"
in APPPATH\Views\Back\Ventas\venta-detalles.php on line 10.
 1 APPPATH\Views\Back\Ventas\venta-detalles.php(10): CodeIgniter\Debug\Exceptions->errorHandler(2, 'Undefined array key "id"', 'C:\\xampp\\htdocs\\proyecto_GonzalezPasi\\app\\Views\\Back\\Ventas\\venta-detalles.php', 10)
 2 SYSTEMPATH\View\View.php(213): include('C:\\xampp\\htdocs\\proyecto_GonzalezPasi\\app\\Views\\Back\\Ventas\\venta-detalles.php')
 3 SYSTEMPATH\View\View.php(216): CodeIgniter\View\View->CodeIgniter\View\{closure}()
 4 SYSTEMPATH\Common.php(1184): CodeIgniter\View\View->render('back/ventas/venta-detalles', [], true)
 5 APPPATH\Controllers\Ventas_controller.php(29): view('back/ventas/venta-detalles', [...])
 6 SYSTEMPATH\CodeIgniter.php(934): App\Controllers\Ventas_Controller->factura('9')
 7 SYSTEMPATH\CodeIgniter.php(499): CodeIgniter\CodeIgniter->runController(Object(App\Controllers\Ventas_Controller))
 8 SYSTEMPATH\CodeIgniter.php(368): CodeIgniter\CodeIgniter->handleRequest(null, Object(Config\Cache), false)
 9 FCPATH\index.php(67): CodeIgniter\CodeIgniter->run()
INFO - 2023-06-29 00:26:23 --> Session: Class initialized using 'CodeIgniter\Session\Handlers\FileHandler' driver.
INFO - 2023-06-29 00:26:23 --> Cart Class Initialized
CRITICAL - 2023-06-29 00:26:23 --> Undefined array key "id"
in APPPATH\Views\Back\Ventas\venta-detalles.php on line 10.
 1 APPPATH\Views\Back\Ventas\venta-detalles.php(10): CodeIgniter\Debug\Exceptions->errorHandler(2, 'Undefined array key "id"', 'C:\\xampp\\htdocs\\proyecto_GonzalezPasi\\app\\Views\\Back\\Ventas\\venta-detalles.php', 10)
 2 SYSTEMPATH\View\View.php(213): include('C:\\xampp\\htdocs\\proyecto_GonzalezPasi\\app\\Views\\Back\\Ventas\\venta-detalles.php')
 3 SYSTEMPATH\View\View.php(216): CodeIgniter\View\View->CodeIgniter\View\{closure}()
 4 SYSTEMPATH\Common.php(1184): CodeIgniter\View\View->render('back/ventas/venta-detalles', [], true)
 5 APPPATH\Controllers\Ventas_controller.php(29): view('back/ventas/venta-detalles', [...])
 6 SYSTEMPATH\CodeIgniter.php(934): App\Controllers\Ventas_Controller->factura('9')
 7 SYSTEMPATH\CodeIgniter.php(499): CodeIgniter\CodeIgniter->runController(Object(App\Controllers\Ventas_Controller))
 8 SYSTEMPATH\CodeIgniter.php(368): CodeIgniter\CodeIgniter->handleRequest(null, Object(Config\Cache), false)
 9 FCPATH\index.php(67): CodeIgniter\CodeIgniter->run()
INFO - 2023-06-29 00:26:32 --> Session: Class initialized using 'CodeIgniter\Session\Handlers\FileHandler' driver.
INFO - 2023-06-29 00:26:32 --> Cart Class Initialized
CRITICAL - 2023-06-29 00:26:32 --> Undefined array key "venta_id"
in APPPATH\Views\Back\Ventas\venta-detalles.php on line 10.
 1 APPPATH\Views\Back\Ventas\venta-detalles.php(10): CodeIgniter\Debug\Exceptions->errorHandler(2, 'Undefined array key "venta_id"', 'C:\\xampp\\htdocs\\proyecto_GonzalezPasi\\app\\Views\\Back\\Ventas\\venta-detalles.php', 10)
 2 SYSTEMPATH\View\View.php(213): include('C:\\xampp\\htdocs\\proyecto_GonzalezPasi\\app\\Views\\Back\\Ventas\\venta-detalles.php')
 3 SYSTEMPATH\View\View.php(216): CodeIgniter\View\View->CodeIgniter\View\{closure}()
 4 SYSTEMPATH\Common.php(1184): CodeIgniter\View\View->render('back/ventas/venta-detalles', [], true)
 5 APPPATH\Controllers\Ventas_controller.php(29): view('back/ventas/venta-detalles', [...])
 6 SYSTEMPATH\CodeIgniter.php(934): App\Controllers\Ventas_Controller->factura('9')
 7 SYSTEMPATH\CodeIgniter.php(499): CodeIgniter\CodeIgniter->runController(Object(App\Controllers\Ventas_Controller))
 8 SYSTEMPATH\CodeIgniter.php(368): CodeIgniter\CodeIgniter->handleRequest(null, Object(Config\Cache), false)
 9 FCPATH\index.php(67): CodeIgniter\CodeIgniter->run()
INFO - 2023-06-29 00:26:55 --> Session: Class initialized using 'CodeIgniter\Session\Handlers\FileHandler' driver.
INFO - 2023-06-29 00:26:55 --> Cart Class Initialized
INFO - 2023-06-29 00:28:00 --> Session: Class initialized using 'CodeIgniter\Session\Handlers\FileHandler' driver.
INFO - 2023-06-29 00:28:00 --> Cart Class Initialized
INFO - 2023-06-29 00:29:35 --> Session: Class initialized using 'CodeIgniter\Session\Handlers\FileHandler' driver.
INFO - 2023-06-29 00:29:35 --> Cart Class Initialized
CRITICAL - 2023-06-29 00:29:35 --> Undefined array key "id"
in APPPATH\Views\Back\Ventas\venta-detalles.php on line 10.
 1 APPPATH\Views\Back\Ventas\venta-detalles.php(10): CodeIgniter\Debug\Exceptions->errorHandler(2, 'Undefined array key "id"', 'C:\\xampp\\htdocs\\proyecto_GonzalezPasi\\app\\Views\\Back\\Ventas\\venta-detalles.php', 10)
 2 SYSTEMPATH\View\View.php(213): include('C:\\xampp\\htdocs\\proyecto_GonzalezPasi\\app\\Views\\Back\\Ventas\\venta-detalles.php')
 3 SYSTEMPATH\View\View.php(216): CodeIgniter\View\View->CodeIgniter\View\{closure}()
 4 SYSTEMPATH\Common.php(1184): CodeIgniter\View\View->render('back/ventas/venta-detalles', [], true)
 5 APPPATH\Controllers\Ventas_controller.php(29): view('back/ventas/venta-detalles', [...])
 6 SYSTEMPATH\CodeIgniter.php(934): App\Controllers\Ventas_Controller->factura('9')
 7 SYSTEMPATH\CodeIgniter.php(499): CodeIgniter\CodeIgniter->runController(Object(App\Controllers\Ventas_Controller))
 8 SYSTEMPATH\CodeIgniter.php(368): CodeIgniter\CodeIgniter->handleRequest(null, Object(Config\Cache), false)
 9 FCPATH\index.php(67): CodeIgniter\CodeIgniter->run()
INFO - 2023-06-29 00:30:42 --> Session: Class initialized using 'CodeIgniter\Session\Handlers\FileHandler' driver.
INFO - 2023-06-29 00:30:42 --> Cart Class Initialized
CRITICAL - 2023-06-29 00:30:42 --> Undefined array key "id"
in APPPATH\Views\Back\Ventas\venta-detalles.php on line 22.
 1 APPPATH\Views\Back\Ventas\venta-detalles.php(22): CodeIgniter\Debug\Exceptions->errorHandler(2, 'Undefined array key "id"', 'C:\\xampp\\htdocs\\proyecto_GonzalezPasi\\app\\Views\\Back\\Ventas\\venta-detalles.php', 22)
 2 SYSTEMPATH\View\View.php(213): include('C:\\xampp\\htdocs\\proyecto_GonzalezPasi\\app\\Views\\Back\\Ventas\\venta-detalles.php')
 3 SYSTEMPATH\View\View.php(216): CodeIgniter\View\View->CodeIgniter\View\{closure}()
 4 SYSTEMPATH\Common.php(1184): CodeIgniter\View\View->render('back/ventas/venta-detalles', [], true)
 5 APPPATH\Controllers\Ventas_controller.php(29): view('back/ventas/venta-detalles', [...])
 6 SYSTEMPATH\CodeIgniter.php(934): App\Controllers\Ventas_Controller->factura('9')
 7 SYSTEMPATH\CodeIgniter.php(499): CodeIgniter\CodeIgniter->runController(Object(App\Controllers\Ventas_Controller))
 8 SYSTEMPATH\CodeIgniter.php(368): CodeIgniter\CodeIgniter->handleRequest(null, Object(Config\Cache), false)
 9 FCPATH\index.php(67): CodeIgniter\CodeIgniter->run()
INFO - 2023-06-29 00:31:05 --> Session: Class initialized using 'CodeIgniter\Session\Handlers\FileHandler' driver.
INFO - 2023-06-29 00:31:05 --> Cart Class Initialized
CRITICAL - 2023-06-29 00:31:05 --> Undefined array key "venta_id"
in APPPATH\Views\Back\Ventas\venta-detalles.php on line 22.
 1 APPPATH\Views\Back\Ventas\venta-detalles.php(22): CodeIgniter\Debug\Exceptions->errorHandler(2, 'Undefined array key "venta_id"', 'C:\\xampp\\htdocs\\proyecto_GonzalezPasi\\app\\Views\\Back\\Ventas\\venta-detalles.php', 22)
 2 SYSTEMPATH\View\View.php(213): include('C:\\xampp\\htdocs\\proyecto_GonzalezPasi\\app\\Views\\Back\\Ventas\\venta-detalles.php')
 3 SYSTEMPATH\View\View.php(216): CodeIgniter\View\View->CodeIgniter\View\{closure}()
 4 SYSTEMPATH\Common.php(1184): CodeIgniter\View\View->render('back/ventas/venta-detalles', [], true)
 5 APPPATH\Controllers\Ventas_controller.php(29): view('back/ventas/venta-detalles', [...])
 6 SYSTEMPATH\CodeIgniter.php(934): App\Controllers\Ventas_Controller->factura('9')
 7 SYSTEMPATH\CodeIgniter.php(499): CodeIgniter\CodeIgniter->runController(Object(App\Controllers\Ventas_Controller))
 8 SYSTEMPATH\CodeIgniter.php(368): CodeIgniter\CodeIgniter->handleRequest(null, Object(Config\Cache), false)
 9 FCPATH\index.php(67): CodeIgniter\CodeIgniter->run()
INFO - 2023-06-29 00:33:13 --> Session: Class initialized using 'CodeIgniter\Session\Handlers\FileHandler' driver.
INFO - 2023-06-29 00:33:13 --> Cart Class Initialized
CRITICAL - 2023-06-29 00:33:13 --> Undefined variable $productoModel
in APPPATH\Views\Back\Ventas\venta-detalles.php on line 28.
 1 APPPATH\Views\Back\Ventas\venta-detalles.php(28): CodeIgniter\Debug\Exceptions->errorHandler(2, 'Undefined variable $productoModel', 'C:\\xampp\\htdocs\\proyecto_GonzalezPasi\\app\\Views\\Back\\Ventas\\venta-detalles.php', 28)
 2 SYSTEMPATH\View\View.php(213): include('C:\\xampp\\htdocs\\proyecto_GonzalezPasi\\app\\Views\\Back\\Ventas\\venta-detalles.php')
 3 SYSTEMPATH\View\View.php(216): CodeIgniter\View\View->CodeIgniter\View\{closure}()
 4 SYSTEMPATH\Common.php(1184): CodeIgniter\View\View->render('back/ventas/venta-detalles', [], true)
 5 APPPATH\Controllers\Ventas_controller.php(29): view('back/ventas/venta-detalles', [...])
 6 SYSTEMPATH\CodeIgniter.php(934): App\Controllers\Ventas_Controller->factura('9')
 7 SYSTEMPATH\CodeIgniter.php(499): CodeIgniter\CodeIgniter->runController(Object(App\Controllers\Ventas_Controller))
 8 SYSTEMPATH\CodeIgniter.php(368): CodeIgniter\CodeIgniter->handleRequest(null, Object(Config\Cache), false)
 9 FCPATH\index.php(67): CodeIgniter\CodeIgniter->run()
INFO - 2023-06-29 00:34:19 --> Session: Class initialized using 'CodeIgniter\Session\Handlers\FileHandler' driver.
INFO - 2023-06-29 00:34:19 --> Cart Class Initialized
CRITICAL - 2023-06-29 00:34:19 --> Undefined variable $productoModel
in APPPATH\Views\Back\Ventas\venta-detalles.php on line 28.
 1 APPPATH\Views\Back\Ventas\venta-detalles.php(28): CodeIgniter\Debug\Exceptions->errorHandler(2, 'Undefined variable $productoModel', 'C:\\xampp\\htdocs\\proyecto_GonzalezPasi\\app\\Views\\Back\\Ventas\\venta-detalles.php', 28)
 2 SYSTEMPATH\View\View.php(213): include('C:\\xampp\\htdocs\\proyecto_GonzalezPasi\\app\\Views\\Back\\Ventas\\venta-detalles.php')
 3 SYSTEMPATH\View\View.php(216): CodeIgniter\View\View->CodeIgniter\View\{closure}()
 4 SYSTEMPATH\Common.php(1184): CodeIgniter\View\View->render('back/ventas/venta-detalles', [], true)
 5 APPPATH\Controllers\Ventas_controller.php(29): view('back/ventas/venta-detalles', [...])
 6 SYSTEMPATH\CodeIgniter.php(934): App\Controllers\Ventas_Controller->factura('9')
 7 SYSTEMPATH\CodeIgniter.php(499): CodeIgniter\CodeIgniter->runController(Object(App\Controllers\Ventas_Controller))
 8 SYSTEMPATH\CodeIgniter.php(368): CodeIgniter\CodeIgniter->handleRequest(null, Object(Config\Cache), false)
 9 FCPATH\index.php(67): CodeIgniter\CodeIgniter->run()
INFO - 2023-06-29 00:34:51 --> Session: Class initialized using 'CodeIgniter\Session\Handlers\FileHandler' driver.
INFO - 2023-06-29 00:34:51 --> Cart Class Initialized
CRITICAL - 2023-06-29 00:34:51 --> Undefined variable $producto_model
in APPPATH\Views\Back\Ventas\venta-detalles.php on line 28.
 1 APPPATH\Views\Back\Ventas\venta-detalles.php(28): CodeIgniter\Debug\Exceptions->errorHandler(2, 'Undefined variable $producto_model', 'C:\\xampp\\htdocs\\proyecto_GonzalezPasi\\app\\Views\\Back\\Ventas\\venta-detalles.php', 28)
 2 SYSTEMPATH\View\View.php(213): include('C:\\xampp\\htdocs\\proyecto_GonzalezPasi\\app\\Views\\Back\\Ventas\\venta-detalles.php')
 3 SYSTEMPATH\View\View.php(216): CodeIgniter\View\View->CodeIgniter\View\{closure}()
 4 SYSTEMPATH\Common.php(1184): CodeIgniter\View\View->render('back/ventas/venta-detalles', [], true)
 5 APPPATH\Controllers\Ventas_controller.php(29): view('back/ventas/venta-detalles', [...])
 6 SYSTEMPATH\CodeIgniter.php(934): App\Controllers\Ventas_Controller->factura('9')
 7 SYSTEMPATH\CodeIgniter.php(499): CodeIgniter\CodeIgniter->runController(Object(App\Controllers\Ventas_Controller))
 8 SYSTEMPATH\CodeIgniter.php(368): CodeIgniter\CodeIgniter->handleRequest(null, Object(Config\Cache), false)
 9 FCPATH\index.php(67): CodeIgniter\CodeIgniter->run()
INFO - 2023-06-29 00:38:07 --> Session: Class initialized using 'CodeIgniter\Session\Handlers\FileHandler' driver.
INFO - 2023-06-29 00:38:07 --> Cart Class Initialized
CRITICAL - 2023-06-29 00:38:07 --> Undefined array key "precio_vta"
in APPPATH\Views\Back\Ventas\venta-detalles.php on line 36.
 1 APPPATH\Views\Back\Ventas\venta-detalles.php(36): CodeIgniter\Debug\Exceptions->errorHandler(2, 'Undefined array key "precio_vta"', 'C:\\xampp\\htdocs\\proyecto_GonzalezPasi\\app\\Views\\Back\\Ventas\\venta-detalles.php', 36)
 2 SYSTEMPATH\View\View.php(213): include('C:\\xampp\\htdocs\\proyecto_GonzalezPasi\\app\\Views\\Back\\Ventas\\venta-detalles.php')
 3 SYSTEMPATH\View\View.php(216): CodeIgniter\View\View->CodeIgniter\View\{closure}()
 4 SYSTEMPATH\Common.php(1184): CodeIgniter\View\View->render('back/ventas/venta-detalles', [], true)
 5 APPPATH\Controllers\Ventas_controller.php(29): view('back/ventas/venta-detalles', [...])
 6 SYSTEMPATH\CodeIgniter.php(934): App\Controllers\Ventas_Controller->factura('9')
 7 SYSTEMPATH\CodeIgniter.php(499): CodeIgniter\CodeIgniter->runController(Object(App\Controllers\Ventas_Controller))
 8 SYSTEMPATH\CodeIgniter.php(368): CodeIgniter\CodeIgniter->handleRequest(null, Object(Config\Cache), false)
 9 FCPATH\index.php(67): CodeIgniter\CodeIgniter->run()
INFO - 2023-06-29 00:38:17 --> Session: Class initialized using 'CodeIgniter\Session\Handlers\FileHandler' driver.
INFO - 2023-06-29 00:38:17 --> Cart Class Initialized
INFO - 2023-06-29 00:38:53 --> Session: Class initialized using 'CodeIgniter\Session\Handlers\FileHandler' driver.
INFO - 2023-06-29 00:38:53 --> Cart Class Initialized
INFO - 2023-06-29 00:39:45 --> Session: Class initialized using 'CodeIgniter\Session\Handlers\FileHandler' driver.
INFO - 2023-06-29 00:39:45 --> Cart Class Initialized
INFO - 2023-06-29 00:40:08 --> Session: Class initialized using 'CodeIgniter\Session\Handlers\FileHandler' driver.
INFO - 2023-06-29 00:40:08 --> Cart Class Initialized
INFO - 2023-06-29 00:40:10 --> Session: Class initialized using 'CodeIgniter\Session\Handlers\FileHandler' driver.
INFO - 2023-06-29 00:40:10 --> Cart Class Initialized
INFO - 2023-06-29 00:41:41 --> Session: Class initialized using 'CodeIgniter\Session\Handlers\FileHandler' driver.
INFO - 2023-06-29 00:41:41 --> Cart Class Initialized
INFO - 2023-06-29 00:41:44 --> Session: Class initialized using 'CodeIgniter\Session\Handlers\FileHandler' driver.
INFO - 2023-06-29 00:41:44 --> Cart Class Initialized
INFO - 2023-06-29 00:41:57 --> Session: Class initialized using 'CodeIgniter\Session\Handlers\FileHandler' driver.
INFO - 2023-06-29 00:41:57 --> Cart Class Initialized
INFO - 2023-06-29 00:42:09 --> Session: Class initialized using 'CodeIgniter\Session\Handlers\FileHandler' driver.
INFO - 2023-06-29 00:42:09 --> Cart Class Initialized
INFO - 2023-06-29 00:42:20 --> Session: Class initialized using 'CodeIgniter\Session\Handlers\FileHandler' driver.
INFO - 2023-06-29 00:42:20 --> Cart Class Initialized
INFO - 2023-06-29 00:42:32 --> Session: Class initialized using 'CodeIgniter\Session\Handlers\FileHandler' driver.
INFO - 2023-06-29 00:42:32 --> Cart Class Initialized
INFO - 2023-06-29 00:42:37 --> Session: Class initialized using 'CodeIgniter\Session\Handlers\FileHandler' driver.
INFO - 2023-06-29 00:42:37 --> Cart Class Initialized
INFO - 2023-06-29 00:43:05 --> Session: Class initialized using 'CodeIgniter\Session\Handlers\FileHandler' driver.
INFO - 2023-06-29 00:43:05 --> Cart Class Initialized
INFO - 2023-06-29 00:43:20 --> Session: Class initialized using 'CodeIgniter\Session\Handlers\FileHandler' driver.
INFO - 2023-06-29 00:43:20 --> Cart Class Initialized
INFO - 2023-06-29 00:43:28 --> Session: Class initialized using 'CodeIgniter\Session\Handlers\FileHandler' driver.
INFO - 2023-06-29 00:43:28 --> Cart Class Initialized
INFO - 2023-06-29 00:43:53 --> Session: Class initialized using 'CodeIgniter\Session\Handlers\FileHandler' driver.
INFO - 2023-06-29 00:43:53 --> Cart Class Initialized
CRITICAL - 2023-06-29 00:43:53 --> Undefined array key "total"
in APPPATH\Views\Back\Ventas\venta-detalles.php on line 51.
 1 APPPATH\Views\Back\Ventas\venta-detalles.php(51): CodeIgniter\Debug\Exceptions->errorHandler(2, 'Undefined array key "total"', 'C:\\xampp\\htdocs\\proyecto_GonzalezPasi\\app\\Views\\Back\\Ventas\\venta-detalles.php', 51)
 2 SYSTEMPATH\View\View.php(213): include('C:\\xampp\\htdocs\\proyecto_GonzalezPasi\\app\\Views\\Back\\Ventas\\venta-detalles.php')
 3 SYSTEMPATH\View\View.php(216): CodeIgniter\View\View->CodeIgniter\View\{closure}()
 4 SYSTEMPATH\Common.php(1184): CodeIgniter\View\View->render('back/ventas/venta-detalles', [], true)
 5 APPPATH\Controllers\Ventas_controller.php(29): view('back/ventas/venta-detalles', [...])
 6 SYSTEMPATH\CodeIgniter.php(934): App\Controllers\Ventas_Controller->factura('9')
 7 SYSTEMPATH\CodeIgniter.php(499): CodeIgniter\CodeIgniter->runController(Object(App\Controllers\Ventas_Controller))
 8 SYSTEMPATH\CodeIgniter.php(368): CodeIgniter\CodeIgniter->handleRequest(null, Object(Config\Cache), false)
 9 FCPATH\index.php(67): CodeIgniter\CodeIgniter->run()
INFO - 2023-06-29 00:44:03 --> Session: Class initialized using 'CodeIgniter\Session\Handlers\FileHandler' driver.
INFO - 2023-06-29 00:44:03 --> Cart Class Initialized
CRITICAL - 2023-06-29 00:44:04 --> Undefined array key "total"
in APPPATH\Views\Back\Ventas\venta-detalles.php on line 51.
 1 APPPATH\Views\Back\Ventas\venta-detalles.php(51): CodeIgniter\Debug\Exceptions->errorHandler(2, 'Undefined array key "total"', 'C:\\xampp\\htdocs\\proyecto_GonzalezPasi\\app\\Views\\Back\\Ventas\\venta-detalles.php', 51)
 2 SYSTEMPATH\View\View.php(213): include('C:\\xampp\\htdocs\\proyecto_GonzalezPasi\\app\\Views\\Back\\Ventas\\venta-detalles.php')
 3 SYSTEMPATH\View\View.php(216): CodeIgniter\View\View->CodeIgniter\View\{closure}()
 4 SYSTEMPATH\Common.php(1184): CodeIgniter\View\View->render('back/ventas/venta-detalles', [], true)
 5 APPPATH\Controllers\Ventas_controller.php(29): view('back/ventas/venta-detalles', [...])
 6 SYSTEMPATH\CodeIgniter.php(934): App\Controllers\Ventas_Controller->factura('9')
 7 SYSTEMPATH\CodeIgniter.php(499): CodeIgniter\CodeIgniter->runController(Object(App\Controllers\Ventas_Controller))
 8 SYSTEMPATH\CodeIgniter.php(368): CodeIgniter\CodeIgniter->handleRequest(null, Object(Config\Cache), false)
 9 FCPATH\index.php(67): CodeIgniter\CodeIgniter->run()
INFO - 2023-06-29 00:44:22 --> Session: Class initialized using 'CodeIgniter\Session\Handlers\FileHandler' driver.
INFO - 2023-06-29 00:44:22 --> Cart Class Initialized
CRITICAL - 2023-06-29 00:44:22 --> Undefined array key "total_venta"
in APPPATH\Views\Back\Ventas\venta-detalles.php on line 51.
 1 APPPATH\Views\Back\Ventas\venta-detalles.php(51): CodeIgniter\Debug\Exceptions->errorHandler(2, 'Undefined array key "total_venta"', 'C:\\xampp\\htdocs\\proyecto_GonzalezPasi\\app\\Views\\Back\\Ventas\\venta-detalles.php', 51)
 2 SYSTEMPATH\View\View.php(213): include('C:\\xampp\\htdocs\\proyecto_GonzalezPasi\\app\\Views\\Back\\Ventas\\venta-detalles.php')
 3 SYSTEMPATH\View\View.php(216): CodeIgniter\View\View->CodeIgniter\View\{closure}()
 4 SYSTEMPATH\Common.php(1184): CodeIgniter\View\View->render('back/ventas/venta-detalles', [], true)
 5 APPPATH\Controllers\Ventas_controller.php(29): view('back/ventas/venta-detalles', [...])
 6 SYSTEMPATH\CodeIgniter.php(934): App\Controllers\Ventas_Controller->factura('9')
 7 SYSTEMPATH\CodeIgniter.php(499): CodeIgniter\CodeIgniter->runController(Object(App\Controllers\Ventas_Controller))
 8 SYSTEMPATH\CodeIgniter.php(368): CodeIgniter\CodeIgniter->handleRequest(null, Object(Config\Cache), false)
 9 FCPATH\index.php(67): CodeIgniter\CodeIgniter->run()
INFO - 2023-06-29 00:49:58 --> Session: Class initialized using 'CodeIgniter\Session\Handlers\FileHandler' driver.
INFO - 2023-06-29 00:49:58 --> Cart Class Initialized
CRITICAL - 2023-06-29 00:49:58 --> Undefined variable $id
in APPPATH\Controllers\Ventas_controller.php on line 25.
 1 APPPATH\Controllers\Ventas_controller.php(25): CodeIgniter\Debug\Exceptions->errorHandler(2, 'Undefined variable $id', 'C:\\xampp\\htdocs\\proyecto_GonzalezPasi\\app\\Controllers\\Ventas_controller.php', 25)
 2 SYSTEMPATH\CodeIgniter.php(934): App\Controllers\Ventas_Controller->factura('9')
 3 SYSTEMPATH\CodeIgniter.php(499): CodeIgniter\CodeIgniter->runController(Object(App\Controllers\Ventas_Controller))
 4 SYSTEMPATH\CodeIgniter.php(368): CodeIgniter\CodeIgniter->handleRequest(null, Object(Config\Cache), false)
 5 FCPATH\index.php(67): CodeIgniter\CodeIgniter->run()
INFO - 2023-06-29 00:50:33 --> Session: Class initialized using 'CodeIgniter\Session\Handlers\FileHandler' driver.
INFO - 2023-06-29 00:50:33 --> Cart Class Initialized
INFO - 2023-06-29 00:51:01 --> Session: Class initialized using 'CodeIgniter\Session\Handlers\FileHandler' driver.
INFO - 2023-06-29 00:51:01 --> Cart Class Initialized
INFO - 2023-06-29 00:53:37 --> Session: Class initialized using 'CodeIgniter\Session\Handlers\FileHandler' driver.
INFO - 2023-06-29 00:53:37 --> Cart Class Initialized
INFO - 2023-06-29 00:54:16 --> Session: Class initialized using 'CodeIgniter\Session\Handlers\FileHandler' driver.
INFO - 2023-06-29 00:54:16 --> Cart Class Initialized
INFO - 2023-06-29 00:54:18 --> Session: Class initialized using 'CodeIgniter\Session\Handlers\FileHandler' driver.
INFO - 2023-06-29 00:54:18 --> Cart Class Initialized
INFO - 2023-06-29 00:54:21 --> Session: Class initialized using 'CodeIgniter\Session\Handlers\FileHandler' driver.
INFO - 2023-06-29 00:54:21 --> Cart Class Initialized
INFO - 2023-06-29 00:54:22 --> Session: Class initialized using 'CodeIgniter\Session\Handlers\FileHandler' driver.
INFO - 2023-06-29 00:54:22 --> Cart Class Initialized
INFO - 2023-06-29 00:54:38 --> Session: Class initialized using 'CodeIgniter\Session\Handlers\FileHandler' driver.
INFO - 2023-06-29 00:54:38 --> Cart Class Initialized
INFO - 2023-06-29 00:54:48 --> Session: Class initialized using 'CodeIgniter\Session\Handlers\FileHandler' driver.
INFO - 2023-06-29 00:54:48 --> Cart Class Initialized
INFO - 2023-06-29 00:55:35 --> Session: Class initialized using 'CodeIgniter\Session\Handlers\FileHandler' driver.
INFO - 2023-06-29 00:55:35 --> Cart Class Initialized
CRITICAL - 2023-06-29 00:55:36 --> syntax error, unexpected token "endforeach", expecting "elseif" or "else" or "endif"
in APPPATH\Views\Back\Ventas\venta-detalles.php on line 43.
 1 SYSTEMPATH\View\View.php(216): CodeIgniter\View\View->CodeIgniter\View\{closure}()
 2 SYSTEMPATH\Common.php(1184): CodeIgniter\View\View->render('back/ventas/venta-detalles', [], true)
 3 APPPATH\Controllers\Ventas_controller.php(31): view('back/ventas/venta-detalles', [...])
 4 SYSTEMPATH\CodeIgniter.php(934): App\Controllers\Ventas_Controller->factura('10')
 5 SYSTEMPATH\CodeIgniter.php(499): CodeIgniter\CodeIgniter->runController(Object(App\Controllers\Ventas_Controller))
 6 SYSTEMPATH\CodeIgniter.php(368): CodeIgniter\CodeIgniter->handleRequest(null, Object(Config\Cache), false)
 7 FCPATH\index.php(67): CodeIgniter\CodeIgniter->run()
INFO - 2023-06-29 00:55:44 --> Session: Class initialized using 'CodeIgniter\Session\Handlers\FileHandler' driver.
INFO - 2023-06-29 00:55:44 --> Cart Class Initialized
INFO - 2023-06-29 00:55:52 --> Session: Class initialized using 'CodeIgniter\Session\Handlers\FileHandler' driver.
INFO - 2023-06-29 00:55:52 --> Cart Class Initialized
INFO - 2023-06-29 00:56:07 --> Session: Class initialized using 'CodeIgniter\Session\Handlers\FileHandler' driver.
INFO - 2023-06-29 00:56:07 --> Cart Class Initialized
INFO - 2023-06-29 00:56:17 --> Session: Class initialized using 'CodeIgniter\Session\Handlers\FileHandler' driver.
INFO - 2023-06-29 00:56:17 --> Cart Class Initialized
INFO - 2023-06-29 00:57:51 --> Session: Class initialized using 'CodeIgniter\Session\Handlers\FileHandler' driver.
INFO - 2023-06-29 00:57:51 --> Cart Class Initialized
INFO - 2023-06-29 00:57:59 --> Session: Class initialized using 'CodeIgniter\Session\Handlers\FileHandler' driver.
INFO - 2023-06-29 00:57:59 --> Cart Class Initialized
INFO - 2023-06-29 00:58:01 --> Session: Class initialized using 'CodeIgniter\Session\Handlers\FileHandler' driver.
INFO - 2023-06-29 00:58:01 --> Cart Class Initialized
INFO - 2023-06-29 00:58:02 --> Session: Class initialized using 'CodeIgniter\Session\Handlers\FileHandler' driver.
INFO - 2023-06-29 00:58:02 --> Cart Class Initialized
INFO - 2023-06-29 00:58:03 --> Session: Class initialized using 'CodeIgniter\Session\Handlers\FileHandler' driver.
INFO - 2023-06-29 00:58:03 --> Cart Class Initialized
INFO - 2023-06-29 00:58:54 --> Session: Class initialized using 'CodeIgniter\Session\Handlers\FileHandler' driver.
INFO - 2023-06-29 00:58:54 --> Session: Class initialized using 'CodeIgniter\Session\Handlers\FileHandler' driver.
INFO - 2023-06-29 00:58:57 --> Session: Class initialized using 'CodeIgniter\Session\Handlers\FileHandler' driver.
INFO - 2023-06-29 00:59:01 --> Session: Class initialized using 'CodeIgniter\Session\Handlers\FileHandler' driver.
INFO - 2023-06-29 00:59:01 --> Session: Class initialized using 'CodeIgniter\Session\Handlers\FileHandler' driver.
INFO - 2023-06-29 00:59:01 --> Cart Class Initialized
INFO - 2023-06-29 00:59:05 --> Session: Class initialized using 'CodeIgniter\Session\Handlers\FileHandler' driver.
INFO - 2023-06-29 00:59:05 --> Cart Class Initialized
INFO - 2023-06-29 00:59:24 --> Session: Class initialized using 'CodeIgniter\Session\Handlers\FileHandler' driver.
INFO - 2023-06-29 00:59:24 --> Cart Class Initialized
INFO - 2023-06-29 00:59:27 --> Session: Class initialized using 'CodeIgniter\Session\Handlers\FileHandler' driver.
INFO - 2023-06-29 00:59:27 --> Cart Class Initialized
INFO - 2023-06-29 00:59:28 --> Session: Class initialized using 'CodeIgniter\Session\Handlers\FileHandler' driver.
INFO - 2023-06-29 00:59:28 --> Cart Class Initialized
INFO - 2023-06-29 01:01:21 --> Session: Class initialized using 'CodeIgniter\Session\Handlers\FileHandler' driver.
INFO - 2023-06-29 01:01:21 --> Cart Class Initialized
INFO - 2023-06-29 01:01:23 --> Session: Class initialized using 'CodeIgniter\Session\Handlers\FileHandler' driver.
INFO - 2023-06-29 01:01:23 --> Cart Class Initialized
INFO - 2023-06-29 01:01:25 --> Session: Class initialized using 'CodeIgniter\Session\Handlers\FileHandler' driver.
INFO - 2023-06-29 01:01:25 --> Cart Class Initialized
INFO - 2023-06-29 01:01:26 --> Session: Class initialized using 'CodeIgniter\Session\Handlers\FileHandler' driver.
INFO - 2023-06-29 01:01:26 --> Cart Class Initialized
INFO - 2023-06-29 01:01:28 --> Session: Class initialized using 'CodeIgniter\Session\Handlers\FileHandler' driver.
INFO - 2023-06-29 01:01:28 --> Cart Class Initialized
INFO - 2023-06-29 01:01:29 --> Session: Class initialized using 'CodeIgniter\Session\Handlers\FileHandler' driver.
INFO - 2023-06-29 01:01:29 --> Cart Class Initialized
INFO - 2023-06-29 01:01:32 --> Session: Class initialized using 'CodeIgniter\Session\Handlers\FileHandler' driver.
INFO - 2023-06-29 01:01:32 --> Cart Class Initialized
INFO - 2023-06-29 01:01:34 --> Session: Class initialized using 'CodeIgniter\Session\Handlers\FileHandler' driver.
INFO - 2023-06-29 01:01:34 --> Cart Class Initialized
INFO - 2023-06-29 01:01:35 --> Session: Class initialized using 'CodeIgniter\Session\Handlers\FileHandler' driver.
INFO - 2023-06-29 01:01:35 --> Cart Class Initialized
INFO - 2023-06-29 01:01:48 --> Session: Class initialized using 'CodeIgniter\Session\Handlers\FileHandler' driver.
INFO - 2023-06-29 01:01:48 --> Cart Class Initialized
INFO - 2023-06-29 01:01:49 --> Session: Class initialized using 'CodeIgniter\Session\Handlers\FileHandler' driver.
INFO - 2023-06-29 01:01:49 --> Cart Class Initialized
INFO - 2023-06-29 01:01:59 --> Session: Class initialized using 'CodeIgniter\Session\Handlers\FileHandler' driver.
INFO - 2023-06-29 01:01:59 --> Cart Class Initialized
INFO - 2023-06-29 01:02:09 --> Session: Class initialized using 'CodeIgniter\Session\Handlers\FileHandler' driver.
INFO - 2023-06-29 01:02:09 --> Cart Class Initialized
INFO - 2023-06-29 01:02:30 --> Session: Class initialized using 'CodeIgniter\Session\Handlers\FileHandler' driver.
INFO - 2023-06-29 01:02:30 --> Cart Class Initialized
INFO - 2023-06-29 01:05:17 --> Session: Class initialized using 'CodeIgniter\Session\Handlers\FileHandler' driver.
INFO - 2023-06-29 01:05:17 --> Cart Class Initialized
INFO - 2023-06-29 01:06:16 --> Session: Class initialized using 'CodeIgniter\Session\Handlers\FileHandler' driver.
INFO - 2023-06-29 01:06:16 --> Cart Class Initialized
INFO - 2023-06-29 01:07:45 --> Session: Class initialized using 'CodeIgniter\Session\Handlers\FileHandler' driver.
INFO - 2023-06-29 01:07:45 --> Cart Class Initialized
INFO - 2023-06-29 01:07:53 --> Session: Class initialized using 'CodeIgniter\Session\Handlers\FileHandler' driver.
INFO - 2023-06-29 01:07:53 --> Cart Class Initialized
INFO - 2023-06-29 01:09:56 --> Session: Class initialized using 'CodeIgniter\Session\Handlers\FileHandler' driver.
INFO - 2023-06-29 01:09:56 --> Cart Class Initialized
INFO - 2023-06-29 01:11:28 --> Session: Class initialized using 'CodeIgniter\Session\Handlers\FileHandler' driver.
INFO - 2023-06-29 01:11:28 --> Cart Class Initialized
INFO - 2023-06-29 01:11:30 --> Session: Class initialized using 'CodeIgniter\Session\Handlers\FileHandler' driver.
INFO - 2023-06-29 01:11:30 --> Cart Class Initialized
INFO - 2023-06-29 01:11:32 --> Session: Class initialized using 'CodeIgniter\Session\Handlers\FileHandler' driver.
INFO - 2023-06-29 01:11:32 --> Cart Class Initialized
INFO - 2023-06-29 01:11:33 --> Session: Class initialized using 'CodeIgniter\Session\Handlers\FileHandler' driver.
INFO - 2023-06-29 01:11:33 --> Cart Class Initialized
INFO - 2023-06-29 01:11:34 --> Session: Class initialized using 'CodeIgniter\Session\Handlers\FileHandler' driver.
INFO - 2023-06-29 01:11:34 --> Cart Class Initialized
INFO - 2023-06-29 01:11:38 --> Session: Class initialized using 'CodeIgniter\Session\Handlers\FileHandler' driver.
INFO - 2023-06-29 01:11:38 --> Cart Class Initialized
INFO - 2023-06-29 01:11:39 --> Session: Class initialized using 'CodeIgniter\Session\Handlers\FileHandler' driver.
INFO - 2023-06-29 01:11:39 --> Cart Class Initialized
