CRITICAL - 2023-05-05 18:37:58 --> syntax error, unexpected variable "$data", expecting "," or ";"
in APPPATH\Views\Front\head_view.php on line 6.
 1 SYSTEMPATH\View\View.php(216): CodeIgniter\View\View->CodeIgniter\View\{closure}()
 2 SYSTEMPATH\Common.php(1184): CodeIgniter\View\View->render('front/head_view', [], true)
 3 APPPATH\Controllers\Home.php(10): view('front/head_view', [...])
 4 SYSTEMPATH\CodeIgniter.php(934): App\Controllers\Home->index()
 5 SYSTEMPATH\CodeIgniter.php(499): CodeIgniter\CodeIgniter->runController(Object(App\Controllers\Home))
 6 SYSTEMPATH\CodeIgniter.php(368): CodeIgniter\CodeIgniter->handleRequest(null, Object(Config\Cache), false)
 7 FCPATH\index.php(67): CodeIgniter\CodeIgniter->run()
CRITICAL - 2023-05-05 18:39:18 --> syntax error, unexpected double-quoted string "titulo", expecting "," or ";"
in APPPATH\Views\Front\head_view.php on line 6.
 1 SYSTEMPATH\View\View.php(216): CodeIgniter\View\View->CodeIgniter\View\{closure}()
 2 SYSTEMPATH\Common.php(1184): CodeIgniter\View\View->render('front/head_view', [], true)
 3 APPPATH\Controllers\Home.php(10): view('front/head_view', [...])
 4 SYSTEMPATH\CodeIgniter.php(934): App\Controllers\Home->index()
 5 SYSTEMPATH\CodeIgniter.php(499): CodeIgniter\CodeIgniter->runController(Object(App\Controllers\Home))
 6 SYSTEMPATH\CodeIgniter.php(368): CodeIgniter\CodeIgniter->handleRequest(null, Object(Config\Cache), false)
 7 FCPATH\index.php(67): CodeIgniter\CodeIgniter->run()
CRITICAL - 2023-05-05 18:39:19 --> syntax error, unexpected double-quoted string "titulo", expecting "," or ";"
in APPPATH\Views\Front\head_view.php on line 6.
 1 SYSTEMPATH\View\View.php(216): CodeIgniter\View\View->CodeIgniter\View\{closure}()
 2 SYSTEMPATH\Common.php(1184): CodeIgniter\View\View->render('front/head_view', [], true)
 3 APPPATH\Controllers\Home.php(10): view('front/head_view', [...])
 4 SYSTEMPATH\CodeIgniter.php(934): App\Controllers\Home->index()
 5 SYSTEMPATH\CodeIgniter.php(499): CodeIgniter\CodeIgniter->runController(Object(App\Controllers\Home))
 6 SYSTEMPATH\CodeIgniter.php(368): CodeIgniter\CodeIgniter->handleRequest(null, Object(Config\Cache), false)
 7 FCPATH\index.php(67): CodeIgniter\CodeIgniter->run()
CRITICAL - 2023-05-05 18:39:35 --> Invalid file: "titulo.php"
in SYSTEMPATH\Exceptions\FrameworkException.php on line 33.
 1 SYSTEMPATH\View\View.php(201): CodeIgniter\Exceptions\FrameworkException::forInvalidFile('titulo.php')
 2 SYSTEMPATH\Common.php(1184): CodeIgniter\View\View->render('titulo', [], true)
 3 APPPATH\Views\Front\head_view.php(6): view('titulo')
 4 SYSTEMPATH\View\View.php(213): include('D:\\xampp\\htdocs\\proyecto_GonzalezPasi\\app\\Views\\Front\\head_view.php')
 5 SYSTEMPATH\View\View.php(216): CodeIgniter\View\View->CodeIgniter\View\{closure}()
 6 SYSTEMPATH\Common.php(1184): CodeIgniter\View\View->render('front/head_view', [], true)
 7 APPPATH\Controllers\Home.php(10): view('front/head_view', [...])
 8 SYSTEMPATH\CodeIgniter.php(934): App\Controllers\Home->index()
 9 SYSTEMPATH\CodeIgniter.php(499): CodeIgniter\CodeIgniter->runController(Object(App\Controllers\Home))
10 SYSTEMPATH\CodeIgniter.php(368): CodeIgniter\CodeIgniter->handleRequest(null, Object(Config\Cache), false)
11 FCPATH\index.php(67): CodeIgniter\CodeIgniter->run()
CRITICAL - 2023-05-05 18:40:45 --> Undefined variable $data
in APPPATH\Views\Front\head_view.php on line 6.
 1 APPPATH\Views\Front\head_view.php(6): CodeIgniter\Debug\Exceptions->errorHandler(2, 'Undefined variable $data', 'D:\\xampp\\htdocs\\proyecto_GonzalezPasi\\app\\Views\\Front\\head_view.php', 6)
 2 SYSTEMPATH\View\View.php(213): include('D:\\xampp\\htdocs\\proyecto_GonzalezPasi\\app\\Views\\Front\\head_view.php')
 3 SYSTEMPATH\View\View.php(216): CodeIgniter\View\View->CodeIgniter\View\{closure}()
 4 SYSTEMPATH\Common.php(1184): CodeIgniter\View\View->render('front/head_view', [], true)
 5 APPPATH\Controllers\Home.php(10): view('front/head_view', [...])
 6 SYSTEMPATH\CodeIgniter.php(934): App\Controllers\Home->index()
 7 SYSTEMPATH\CodeIgniter.php(499): CodeIgniter\CodeIgniter->runController(Object(App\Controllers\Home))
 8 SYSTEMPATH\CodeIgniter.php(368): CodeIgniter\CodeIgniter->handleRequest(null, Object(Config\Cache), false)
 9 FCPATH\index.php(67): CodeIgniter\CodeIgniter->run()
CRITICAL - 2023-05-05 18:41:03 --> Undefined variable $data
in APPPATH\Views\Front\head_view.php on line 6.
 1 APPPATH\Views\Front\head_view.php(6): CodeIgniter\Debug\Exceptions->errorHandler(2, 'Undefined variable $data', 'D:\\xampp\\htdocs\\proyecto_GonzalezPasi\\app\\Views\\Front\\head_view.php', 6)
 2 SYSTEMPATH\View\View.php(213): include('D:\\xampp\\htdocs\\proyecto_GonzalezPasi\\app\\Views\\Front\\head_view.php')
 3 SYSTEMPATH\View\View.php(216): CodeIgniter\View\View->CodeIgniter\View\{closure}()
 4 SYSTEMPATH\Common.php(1184): CodeIgniter\View\View->render('front/head_view', [], true)
 5 APPPATH\Controllers\Home.php(10): view('front/head_view', [...])
 6 SYSTEMPATH\CodeIgniter.php(934): App\Controllers\Home->index()
 7 SYSTEMPATH\CodeIgniter.php(499): CodeIgniter\CodeIgniter->runController(Object(App\Controllers\Home))
 8 SYSTEMPATH\CodeIgniter.php(368): CodeIgniter\CodeIgniter->handleRequest(null, Object(Config\Cache), false)
 9 FCPATH\index.php(67): CodeIgniter\CodeIgniter->run()
CRITICAL - 2023-05-05 18:41:04 --> Undefined variable $data
in APPPATH\Views\Front\head_view.php on line 6.
 1 APPPATH\Views\Front\head_view.php(6): CodeIgniter\Debug\Exceptions->errorHandler(2, 'Undefined variable $data', 'D:\\xampp\\htdocs\\proyecto_GonzalezPasi\\app\\Views\\Front\\head_view.php', 6)
 2 SYSTEMPATH\View\View.php(213): include('D:\\xampp\\htdocs\\proyecto_GonzalezPasi\\app\\Views\\Front\\head_view.php')
 3 SYSTEMPATH\View\View.php(216): CodeIgniter\View\View->CodeIgniter\View\{closure}()
 4 SYSTEMPATH\Common.php(1184): CodeIgniter\View\View->render('front/head_view', [], true)
 5 APPPATH\Controllers\Home.php(10): view('front/head_view', [...])
 6 SYSTEMPATH\CodeIgniter.php(934): App\Controllers\Home->index()
 7 SYSTEMPATH\CodeIgniter.php(499): CodeIgniter\CodeIgniter->runController(Object(App\Controllers\Home))
 8 SYSTEMPATH\CodeIgniter.php(368): CodeIgniter\CodeIgniter->handleRequest(null, Object(Config\Cache), false)
 9 FCPATH\index.php(67): CodeIgniter\CodeIgniter->run()
